iMPACT Version: 14.7

iMPACT log file Started on Sat Sep  5 14:48:44 2020

Welcome to iMPACT
iMPACT Version: 14.7
Project: /home/grizzly/pano_boot/xilinx//auto_project.ipf created.
// *** BATCH CMD : setMode -bs
// *** BATCH CMD : setMode -ss
// *** BATCH CMD : setMode -sm
// *** BATCH CMD : setMode -hw140
// *** BATCH CMD : setMode -spi
// *** BATCH CMD : setMode -acecf
// *** BATCH CMD : setMode -acempm
// *** BATCH CMD : setMode -pff
// *** BATCH CMD : loadProjectFile -file"/home/grizzly/pano_boot/xilinx/pano_boot.ipf"
Enumerating cables. Please wait.
If you are using the Platform Cable USB, please refer to the USB CableInstallation Guide (UG344) to install the libusb package.
 Using windrvr6 driver.
Connecting to cable (Usb Port - USB21).
Checking cable driver.
 libusb-driver.so version: 2020-09-05 05:13:30.
write cmdbuffer failed FFFFFFFFFFFFFFF7.
Loopback test failed. Sent character = 00, Received character = 00.
ERROR:iMPACT - Cable not found, ESN: 00001C7256A401
'1': Loading file '/home/grizzly/pano_boot/xilinx/work/pano_top.bit' ...
done.
INFO:iMPACT:1777 - 
   Reading /opt/Xilinx/14.7/ISE_DS/ISE/spartan3e/data/xc3s1600e.bsd...
INFO:iMPACT:2257 - Startup Clock has been changed to 'JtagClk' in the bitstream   stored in memory,
   but the original bitstream file remains unchanged.
UserID read from the bitstream file = 0xFFFFFFFF.
INFO:iMPACT:501 - '1': Added Device xc3s1600e successfully.
----------------------------------------------------------------------
Unprotect sectors: FALSE
Active mode is BS
// *** BATCH CMD : setMode -ss
// *** BATCH CMD : setMode -sm
// *** BATCH CMD : setMode -hw140
// *** BATCH CMD : setMode -spi
// *** BATCH CMD : setMode -acecf
// *** BATCH CMD : setMode -acempm
// *** BATCH CMD : setMode -pff
// *** BATCH CMD : setMode -bs
// *** BATCH CMD : attachflash -position 1 -spi "M25P80"
// *** BATCH CMD : setMode -bs
Enumerating cables. Please wait.
PROGRESS_START - Starting Operation.
If you are using the Platform Cable USB, please refer to the USB CableInstallation Guide (UG344) to install the libusb package.
 Using windrvr6 driver.
Connecting to cable (Usb Port - USB21).
Checking cable driver.
 libusb-driver.so version: 2020-09-05 05:13:30.
=======================================================
Found cable - > ESN = 00001C7256A401.
=======================================================
If you are using the Platform Cable USB, please refer to the USB CableInstallation Guide (UG344) to install the libusb package.
 Using windrvr6 driver.
Connecting to cable (Usb Port - USB22).
Checking cable driver.
 libusb-driver.so version: 2020-09-05 05:13:30.
PROGRESS_END - End Operation.
Elapsed time =      4 sec.
ERROR:iMPACT - This function requires that a target is opened first.
 parport0: baseAddress=0x0, ecpAddress=0x400
// *** BATCH CMD : setCable -port ttyS0 -baud -1
Enumerating cables. Please wait.
If you are using the Platform Cable USB, please refer to the USB CableInstallation Guide (UG344) to install the libusb package.
 Using windrvr6 driver.
Connecting to cable (Usb Port - USB21).
Checking cable driver.
 libusb-driver.so version: 2020-09-05 05:13:30.
=======================================================
Found cable - > ESN = 00001C7256A401.
=======================================================
If you are using the Platform Cable USB, please refer to the USB CableInstallation Guide (UG344) to install the libusb package.
 Using windrvr6 driver.
Connecting to cable (Usb Port - USB22).
Checking cable driver.
 libusb-driver.so version: 2020-09-05 05:13:30.
If you are using the Platform Cable USB, please refer to the USB CableInstallation Guide (UG344) to install the libusb package.
 Using windrvr6 driver.
Connecting to cable (Usb Port - USB21).
Checking cable driver.
File version of /opt/Xilinx/14.7/ISE_DS/ISE/bin/lin64/xusbdfwu.hex = 1030.
File version of /etc/hotplug/usb/xusbdfwu.fw/xusbdfwu.hex = 1030.
 libusb-driver.so version: 2020-09-05 05:13:30.
 Cable PID = 0008.
 Max current requested during enumeration is 150 mA.
Type = 0x0005.
 Cable Type = 3, Revision = 0.
 Setting cable speed to 6 MHz.
Cable connection established.
Firmware version = 2401.
File version of /opt/Xilinx/14.7/ISE_DS/ISE/data/xusb_xp2.hex = 2401.
Firmware hex file version = 2401.
PLD file version = 200Dh.
 PLD version = 200Dh.
Type = 0x0005.
ESN option: 00001C7256A401.
// *** BATCH CMD : setMode -bs
// *** BATCH CMD : setMode -ss
// *** BATCH CMD : setMode -sm
// *** BATCH CMD : setMode -hw140
// *** BATCH CMD : setMode -spi
// *** BATCH CMD : setMode -acecf
// *** BATCH CMD : setMode -acempm
// *** BATCH CMD : setMode -pff
// *** BATCH CMD : setMode -bs
// *** BATCH CMD : saveProjectFile -file"/home/grizzly/pano_boot/xilinx/pano_boot.ipf"
INFO:iMPACT - File /home/grizzly/pano_boot/fw/firmware/firmware.cfi does not   exist.
Selected part: M25P80
// *** BATCH CMD : attachflash -position 1 -spi "M25P80"
Unprotect sectors: FALSE
// *** BATCH CMD : assignfiletoattachedflash -position 1 -file"/home/grizzly/pano_boot/fw/firmware/firmware.mcs"
INFO:iMPACT - A CFI file is not detected. To ensure correct and safe   configuration,
    Please make sure a CFI file is present in the same directory as the PROM   file,
    or, regenerate the PROM file with the latest software.
// *** BATCH CMD : setMode -bs
// *** BATCH CMD : setMode -ss
// *** BATCH CMD : setMode -sm
// *** BATCH CMD : setMode -hw140
// *** BATCH CMD : setMode -spi
// *** BATCH CMD : setMode -acecf
// *** BATCH CMD : setMode -acempm
// *** BATCH CMD : setMode -pff
// *** BATCH CMD : setMode -bs
// *** BATCH CMD : saveProjectFile -file"/home/grizzly/pano_boot/xilinx/pano_boot.ipf"
INFO:iMPACT - Current time: 9/5/20 2:49 PM
// *** BATCH CMD : Program -p 1 -dataWidth 1 -spionly -e -v 
Maximum TCK operating frequency for this device chain: 10000000.
Validating chain...
Boundary-scan chain validated successfully.
'1': SPI access core not detected. SPI access core will be downloaded to thedevice to enable operations.
INFO:iMPACT - Downloading core file   /opt/Xilinx/14.7/ISE_DS/ISE/spartan3e/data/xc3s1600e_spi.cor.
PROGRESS_START - Starting Operation.
'1': Downloading core...
 LCK_cycle = NoWait.
LCK cycle: NoWait
done.
INFO:iMPACT:2219 - Status register values:
INFO:iMPACT - 0011 0111 1001 1000 0000 0000 0000 0000 
INFO:iMPACT:2492 - '1': Completed downloading core to device.
'1': IDCODE is '13' (in hex).
'1': ID Check passed.
'1': IDCODE is '13' (in hex).
'1': ID Check passed.
'1': Erasing Device.
'1': Using Sector Erase.
'1': Programming Flash.
'1': Reading device contents...
done.
'1': Verification completed.
'1':Programming in x1 mode.
'1': Programming device...
 LCK_cycle = NoWait.
LCK cycle: NoWait
done.
INFO:iMPACT:2219 - Status register values:
INFO:iMPACT - 0011 0111 1001 1000 0000 0000 0000 0000 
INFO:iMPACT:579 - '1': Completed downloading bit file to device.
INFO:iMPACT:188 - '1': Programming completed successfully.
 LCK_cycle = NoWait.
LCK cycle: NoWait
INFO:iMPACT - '1': Checking done pin....done.
'1': Programmed successfully.
PROGRESS_END - End Operation.
Elapsed time =      7 sec.
INFO:iMPACT - Current time: 9/5/20 2:51 PM
// *** BATCH CMD : Program -p 1 -spionly -e -v 
Maximum TCK operating frequency for this device chain: 10000000.
Validating chain...
Boundary-scan chain validated successfully.
'1': SPI access core not detected. SPI access core will be downloaded to thedevice to enable operations.
INFO:iMPACT - Downloading core file   /opt/Xilinx/14.7/ISE_DS/ISE/spartan3e/data/xc3s1600e_spi.cor.
'1': Downloading core...
PROGRESS_START - Starting Operation.
 LCK_cycle = NoWait.
LCK cycle: NoWait
done.
INFO:iMPACT:2219 - Status register values:
INFO:iMPACT - 0011 0111 1001 1000 0000 0000 0000 0000 
INFO:iMPACT:2492 - '1': Completed downloading core to device.
'1': IDCODE is '13' (in hex).
'1': ID Check passed.
'1': IDCODE is '13' (in hex).
'1': ID Check passed.
'1': Erasing Device.
'1': Using Sector Erase.
'1': Programming Flash.
'1': Reading device contents...
done.
'1': Verification completed.
'1':Programming in x1 mode.
'1': Programming device...
 LCK_cycle = NoWait.
LCK cycle: NoWait
done.
INFO:iMPACT:2219 - Status register values:
INFO:iMPACT - 0011 0111 1001 1000 0000 0000 0000 0000 
INFO:iMPACT:579 - '1': Completed downloading bit file to device.
INFO:iMPACT:188 - '1': Programming completed successfully.
 LCK_cycle = NoWait.
LCK cycle: NoWait
INFO:iMPACT - '1': Checking done pin....done.
'1': Programmed successfully.
PROGRESS_END - End Operation.
Elapsed time =      7 sec.
INFO:iMPACT - File /home/grizzly/pano_boot/fw/firmware/firmware.cfi does not   exist.
Selected part: M25P80
// *** BATCH CMD : attachflash -position 1 -spi "M25P80"
Unprotect sectors: FALSE
// *** BATCH CMD : assignfiletoattachedflash -position 1 -file"/home/grizzly/pano_boot/fw/firmware/firmware.mcs"
INFO:iMPACT - A CFI file is not detected. To ensure correct and safe   configuration,
    Please make sure a CFI file is present in the same directory as the PROM   file,
    or, regenerate the PROM file with the latest software.
INFO:iMPACT - Current time: 9/5/20 2:51 PM
// *** BATCH CMD : Program -p 1 -dataWidth 1 -spionly -e -v 
Maximum TCK operating frequency for this device chain: 10000000.
Validating chain...
Boundary-scan chain validated successfully.
'1': SPI access core not detected. SPI access core will be downloaded to thedevice to enable operations.
INFO:iMPACT - Downloading core file   /opt/Xilinx/14.7/ISE_DS/ISE/spartan3e/data/xc3s1600e_spi.cor.
'1': Downloading core...
PROGRESS_START - Starting Operation.
 LCK_cycle = NoWait.
LCK cycle: NoWait
done.
INFO:iMPACT:2219 - Status register values:
INFO:iMPACT - 0011 0111 1001 1000 0000 0000 0000 0000 
INFO:iMPACT:2492 - '1': Completed downloading core to device.
'1': IDCODE is '13' (in hex).
'1': ID Check passed.
'1': IDCODE is '13' (in hex).
'1': ID Check passed.
'1': Erasing Device.
'1': Using Sector Erase.
'1': Programming Flash.
'1': Reading device contents...
done.
'1': Verification completed.
'1':Programming in x1 mode.
'1': Programming device...
 LCK_cycle = NoWait.
LCK cycle: NoWait
done.
INFO:iMPACT:2219 - Status register values:
INFO:iMPACT - 0011 0111 1001 1000 0000 0000 0000 0000 
INFO:iMPACT:579 - '1': Completed downloading bit file to device.
INFO:iMPACT:188 - '1': Programming completed successfully.
 LCK_cycle = NoWait.
LCK cycle: NoWait
INFO:iMPACT - '1': Checking done pin....done.
'1': Programmed successfully.
PROGRESS_END - End Operation.
Elapsed time =      7 sec.
INFO:iMPACT - Current time: 9/5/20 3:02 PM
Updating config file /home/grizzly/pano_boot/xilinx/work/pano_top.bit...
INFO:iMPACT:2257 - Startup Clock has been changed to 'JtagClk' in the bitstream   stored in memory,
   but the original bitstream file remains unchanged.
// *** BATCH CMD : Program -p 1 -spionly -e -v 
Maximum TCK operating frequency for this device chain: 10000000.
Validating chain...
Boundary-scan chain validated successfully.
'1': SPI access core not detected. SPI access core will be downloaded to thedevice to enable operations.
INFO:iMPACT - Downloading core file   /opt/Xilinx/14.7/ISE_DS/ISE/spartan3e/data/xc3s1600e_spi.cor.
'1': Downloading core...
PROGRESS_START - Starting Operation.
 LCK_cycle = NoWait.
LCK cycle: NoWait
done.
INFO:iMPACT:2219 - Status register values:
INFO:iMPACT - 0011 0111 1001 1000 0000 0000 0000 0000 
INFO:iMPACT:2492 - '1': Completed downloading core to device.
'1': IDCODE is '13' (in hex).
'1': ID Check passed.
'1': IDCODE is '13' (in hex).
'1': ID Check passed.
'1': Erasing Device.
'1': Using Sector Erase.
'1': Programming Flash.
'1': Reading device contents...
done.
'1': Verification completed.
'1':Programming in x1 mode.
'1': Programming device...
 LCK_cycle = NoWait.
LCK cycle: NoWait
done.
INFO:iMPACT:2219 - Status register values:
INFO:iMPACT - 0011 0111 1001 1000 0000 0000 0000 0000 
INFO:iMPACT:579 - '1': Completed downloading bit file to device.
INFO:iMPACT:188 - '1': Programming completed successfully.
 LCK_cycle = NoWait.
LCK cycle: NoWait
INFO:iMPACT - '1': Checking done pin....done.
'1': Programmed successfully.
PROGRESS_END - End Operation.
Elapsed time =      7 sec.
INFO:iMPACT - Current time: 9/5/20 3:02 PM
// *** BATCH CMD : Program -p 1 -spionly -e -v 
Maximum TCK operating frequency for this device chain: 10000000.
Validating chain...
Boundary-scan chain validated successfully.
'1': SPI access core not detected. SPI access core will be downloaded to thedevice to enable operations.
INFO:iMPACT - Downloading core file   /opt/Xilinx/14.7/ISE_DS/ISE/spartan3e/data/xc3s1600e_spi.cor.
'1': Downloading core...
PROGRESS_START - Starting Operation.
 LCK_cycle = NoWait.
LCK cycle: NoWait
done.
INFO:iMPACT:2219 - Status register values:
INFO:iMPACT - 0011 0111 1001 1000 0000 0000 0000 0000 
INFO:iMPACT:2492 - '1': Completed downloading core to device.
'1': IDCODE is '13' (in hex).
'1': ID Check passed.
'1': IDCODE is '13' (in hex).
'1': ID Check passed.
'1': Erasing Device.
'1': Using Sector Erase.
'1': Programming Flash.
'1': Reading device contents...
done.
'1': Verification completed.
'1':Programming in x1 mode.
'1': Programming device...
 LCK_cycle = NoWait.
LCK cycle: NoWait
done.
INFO:iMPACT:2219 - Status register values:
INFO:iMPACT - 0011 0111 1001 1000 0000 0000 0000 0000 
INFO:iMPACT:579 - '1': Completed downloading bit file to device.
INFO:iMPACT:188 - '1': Programming completed successfully.
 LCK_cycle = NoWait.
LCK cycle: NoWait
INFO:iMPACT - '1': Checking done pin....done.
'1': Programmed successfully.
PROGRESS_END - End Operation.
Elapsed time =      7 sec.
INFO:iMPACT - Current time: 9/5/20 3:06 PM
Updating config file /home/grizzly/pano_boot/xilinx/work/pano_top.bit...
INFO:iMPACT:2257 - Startup Clock has been changed to 'JtagClk' in the bitstream   stored in memory,
   but the original bitstream file remains unchanged.
// *** BATCH CMD : Program -p 1 -spionly -e -v 
Maximum TCK operating frequency for this device chain: 10000000.
Validating chain...
Boundary-scan chain validated successfully.
'1': SPI access core not detected. SPI access core will be downloaded to thedevice to enable operations.
INFO:iMPACT - Downloading core file   /opt/Xilinx/14.7/ISE_DS/ISE/spartan3e/data/xc3s1600e_spi.cor.
'1': Downloading core...
PROGRESS_START - Starting Operation.
 LCK_cycle = NoWait.
LCK cycle: NoWait
done.
INFO:iMPACT:2219 - Status register values:
INFO:iMPACT - 0011 0111 1001 1000 0000 0000 0000 0000 
INFO:iMPACT:2492 - '1': Completed downloading core to device.
'1': IDCODE is '13' (in hex).
'1': ID Check passed.
'1': IDCODE is '13' (in hex).
'1': ID Check passed.
'1': Erasing Device.
'1': Using Sector Erase.
'1': Programming Flash.
'1': Reading device contents...
done.
'1': Verification completed.
'1':Programming in x1 mode.
'1': Programming device...
 LCK_cycle = NoWait.
LCK cycle: NoWait
done.
INFO:iMPACT:2219 - Status register values:
INFO:iMPACT - 0011 0111 1001 1000 0000 0000 0000 0000 
INFO:iMPACT:579 - '1': Completed downloading bit file to device.
INFO:iMPACT:188 - '1': Programming completed successfully.
 LCK_cycle = NoWait.
LCK cycle: NoWait
INFO:iMPACT - '1': Checking done pin....done.
'1': Programmed successfully.
PROGRESS_END - End Operation.
Elapsed time =      7 sec.
// *** BATCH CMD : setMode -bs
// *** BATCH CMD : setMode -ss
// *** BATCH CMD : setMode -sm
// *** BATCH CMD : setMode -hw140
// *** BATCH CMD : setMode -spi
// *** BATCH CMD : setMode -acecf
// *** BATCH CMD : setMode -acempm
// *** BATCH CMD : setMode -pff
// *** BATCH CMD : setMode -bs
// *** BATCH CMD : saveProjectFile -file"/home/grizzly/pano_boot/xilinx/pano_boot.ipf"
Project: '/home/grizzly/pano_boot/xilinx//auto_project.ipf' created.
// *** BATCH CMD : setMode -bs
// *** BATCH CMD : setMode -ss
// *** BATCH CMD : setMode -sm
// *** BATCH CMD : setMode -hw140
// *** BATCH CMD : setMode -spi
// *** BATCH CMD : setMode -acecf
// *** BATCH CMD : setMode -acempm
// *** BATCH CMD : setMode -pff
// *** BATCH CMD : setMode -bs
// *** BATCH CMD : saveProjectFile -file"/home/grizzly/pano_boot/xilinx//auto_project.ipf"
// *** BATCH CMD : setMode -bs
// *** BATCH CMD : deleteDevice -position 1
// *** BATCH CMD : setMode -bs
// *** BATCH CMD : setMode -ss
// *** BATCH CMD : setMode -sm
// *** BATCH CMD : setMode -hw140
// *** BATCH CMD : setMode -spi
// *** BATCH CMD : setMode -acecf
// *** BATCH CMD : setMode -acempm
// *** BATCH CMD : setMode -pff
// *** BATCH CMD : loadProjectFile -file"/home/grizzly/pano_boot/xilinx/pano_boot.ipf"
Enumerating cables. Please wait.
If you are using the Platform Cable USB, please refer to the USB CableInstallation Guide (UG344) to install the libusb package.
 Using windrvr6 driver.
Connecting to cable (Usb Port - USB21).
Checking cable driver.
 libusb-driver.so version: 2020-09-05 05:13:30.
=======================================================
Found cable - > ESN = 00001C7256A401.
=======================================================
If you are using the Platform Cable USB, please refer to the USB CableInstallation Guide (UG344) to install the libusb package.
 Using windrvr6 driver.
Connecting to cable (Usb Port - USB22).
Checking cable driver.
 libusb-driver.so version: 2020-09-05 05:13:30.
If you are using the Platform Cable USB, please refer to the USB CableInstallation Guide (UG344) to install the libusb package.
 Using windrvr6 driver.
Connecting to cable (Usb Port - USB21).
Checking cable driver.
File version of /opt/Xilinx/14.7/ISE_DS/ISE/bin/lin64/xusbdfwu.hex = 1030.
File version of /etc/hotplug/usb/xusbdfwu.fw/xusbdfwu.hex = 1030.
 libusb-driver.so version: 2020-09-05 05:13:30.
 Cable PID = 0008.
 Max current requested during enumeration is 150 mA.
Type = 0x0005.
 Cable Type = 3, Revision = 0.
 Setting cable speed to 6 MHz.
Cable connection established.
Firmware version = 2401.
File version of /opt/Xilinx/14.7/ISE_DS/ISE/data/xusb_xp2.hex = 2401.
Firmware hex file version = 2401.
PLD file version = 200Dh.
 PLD version = 200Dh.
Type = 0x0005.
ESN option: 00001C7256A401.
'1': Loading file '/home/grizzly/pano_boot/xilinx/work/pano_top.bit' ...
done.
INFO:iMPACT:1777 - 
   Reading /opt/Xilinx/14.7/ISE_DS/ISE/spartan3e/data/xc3s1600e.bsd...
INFO:iMPACT:2257 - Startup Clock has been changed to 'JtagClk' in the bitstream   stored in memory,
   but the original bitstream file remains unchanged.
UserID read from the bitstream file = 0xFFFFFFFF.
INFO:iMPACT:501 - '1': Added Device xc3s1600e successfully.
----------------------------------------------------------------------
Unprotect sectors: FALSE
INFO:iMPACT - A CFI file is not detected. To ensure correct and safe   configuration,
    Please make sure a CFI file is present in the same directory as the PROM   file,
    or, regenerate the PROM file with the latest software.
Active mode is BS
// *** BATCH CMD : setMode -ss
// *** BATCH CMD : setMode -sm
// *** BATCH CMD : setMode -hw140
// *** BATCH CMD : setMode -spi
// *** BATCH CMD : setMode -acecf
// *** BATCH CMD : setMode -acempm
// *** BATCH CMD : setMode -pff
// *** BATCH CMD : setMode -bs
// *** BATCH CMD : attachflash -position 1 -spi "M25P80"
// *** BATCH CMD : setMode -bs
Backup of auto project '/home/grizzly/pano_boot/xilinx//auto_project_1.ipf'created.
Project: '/home/grizzly/pano_boot/xilinx//auto_project.ipf' created.
// *** BATCH CMD : setMode -bs
// *** BATCH CMD : setMode -ss
// *** BATCH CMD : setMode -sm
// *** BATCH CMD : setMode -hw140
// *** BATCH CMD : setMode -spi
// *** BATCH CMD : setMode -acecf
// *** BATCH CMD : setMode -acempm
// *** BATCH CMD : setMode -pff
// *** BATCH CMD : setMode -bs
// *** BATCH CMD : saveProjectFile -file"/home/grizzly/pano_boot/xilinx//auto_project.ipf"
// *** BATCH CMD : setMode -bs
// *** BATCH CMD : deleteDevice -position 1
// *** BATCH CMD : setMode -bs
// *** BATCH CMD : setMode -ss
// *** BATCH CMD : setMode -sm
// *** BATCH CMD : setMode -hw140
// *** BATCH CMD : setMode -spi
// *** BATCH CMD : setMode -acecf
// *** BATCH CMD : setMode -acempm
// *** BATCH CMD : setMode -pff
// *** BATCH CMD : loadProjectFile -file"/home/grizzly/pano_boot/xilinx/auto_project.ipf"
Enumerating cables. Please wait.
If you are using the Platform Cable USB, please refer to the USB CableInstallation Guide (UG344) to install the libusb package.
 Using windrvr6 driver.
Connecting to cable (Usb Port - USB21).
Checking cable driver.
 libusb-driver.so version: 2020-09-05 05:13:30.
=======================================================
Found cable - > ESN = 00001C7256A401.
=======================================================
If you are using the Platform Cable USB, please refer to the USB CableInstallation Guide (UG344) to install the libusb package.
 Using windrvr6 driver.
Connecting to cable (Usb Port - USB22).
Checking cable driver.
 libusb-driver.so version: 2020-09-05 05:13:30.
If you are using the Platform Cable USB, please refer to the USB CableInstallation Guide (UG344) to install the libusb package.
 Using windrvr6 driver.
Connecting to cable (Usb Port - USB21).
Checking cable driver.
File version of /opt/Xilinx/14.7/ISE_DS/ISE/bin/lin64/xusbdfwu.hex = 1030.
File version of /etc/hotplug/usb/xusbdfwu.fw/xusbdfwu.hex = 1030.
 libusb-driver.so version: 2020-09-05 05:13:30.
 Cable PID = 0008.
 Max current requested during enumeration is 150 mA.
Type = 0x0005.
 Cable Type = 3, Revision = 0.
 Setting cable speed to 6 MHz.
Cable connection established.
Firmware version = 2401.
File version of /opt/Xilinx/14.7/ISE_DS/ISE/data/xusb_xp2.hex = 2401.
Firmware hex file version = 2401.
PLD file version = 200Dh.
 PLD version = 200Dh.
Type = 0x0005.
ESN option: 00001C7256A401.
'1': Loading file '/home/grizzly/pano_boot/xilinx/work/pano_top.bit' ...
done.
INFO:iMPACT:1777 - 
   Reading /opt/Xilinx/14.7/ISE_DS/ISE/spartan3e/data/xc3s1600e.bsd...
INFO:iMPACT:2257 - Startup Clock has been changed to 'JtagClk' in the bitstream   stored in memory,
   but the original bitstream file remains unchanged.
UserID read from the bitstream file = 0xFFFFFFFF.
INFO:iMPACT:501 - '1': Added Device xc3s1600e successfully.
----------------------------------------------------------------------
Unprotect sectors: FALSE
INFO:iMPACT - A CFI file is not detected. To ensure correct and safe   configuration,
    Please make sure a CFI file is present in the same directory as the PROM   file,
    or, regenerate the PROM file with the latest software.
Active mode is BS
// *** BATCH CMD : setMode -ss
// *** BATCH CMD : setMode -sm
// *** BATCH CMD : setMode -hw140
// *** BATCH CMD : setMode -spi
// *** BATCH CMD : setMode -acecf
// *** BATCH CMD : setMode -acempm
// *** BATCH CMD : setMode -pff
// *** BATCH CMD : setMode -bs
// *** BATCH CMD : attachflash -position 1 -spi "M25P80"
// *** BATCH CMD : setMode -bs
INFO:iMPACT - Current time: 9/5/20 3:07 PM
// *** BATCH CMD : Program -p 1 -spionly -e -v 
Maximum TCK operating frequency for this device chain: 10000000.
Validating chain...
Boundary-scan chain validated successfully.
'1': SPI access core not detected. SPI access core will be downloaded to thedevice to enable operations.
INFO:iMPACT - Downloading core file   /opt/Xilinx/14.7/ISE_DS/ISE/spartan3e/data/xc3s1600e_spi.cor.
'1': Downloading core...
PROGRESS_START - Starting Operation.
 LCK_cycle = NoWait.
LCK cycle: NoWait
done.
INFO:iMPACT:2219 - Status register values:
INFO:iMPACT - 0011 0111 1001 1000 0000 0000 0000 0000 
INFO:iMPACT:2492 - '1': Completed downloading core to device.
'1': IDCODE is '13' (in hex).
'1': ID Check passed.
'1': IDCODE is '13' (in hex).
'1': ID Check passed.
'1': Erasing Device.
'1': Using Sector Erase.
'1': Programming Flash.
'1': Reading device contents...
done.
'1': Verification completed.
INFO:iMPACT - File /home/grizzly/pano_boot/fw/firmware/firmware.cfi does not   exist.
'1':Programming in x1 mode.
'1': Programming device...
 LCK_cycle = NoWait.
LCK cycle: NoWait
done.
INFO:iMPACT:2219 - Status register values:
INFO:iMPACT - 0011 0111 1001 1000 0000 0000 0000 0000 
INFO:iMPACT:579 - '1': Completed downloading bit file to device.
INFO:iMPACT:188 - '1': Programming completed successfully.
 LCK_cycle = NoWait.
LCK cycle: NoWait
INFO:iMPACT - '1': Checking done pin....done.
'1': Programmed successfully.
PROGRESS_END - End Operation.
Elapsed time =      7 sec.
INFO:iMPACT - File /home/grizzly/pano_boot/fw/firmware/firmware.cfi does not   exist.
Selected part: M25PE80
// *** BATCH CMD : attachflash -position 1 -spi "M25PE80"
Unprotect sectors: FALSE
// *** BATCH CMD : assignfiletoattachedflash -position 1 -file"/home/grizzly/pano_boot/fw/firmware/firmware.mcs"
INFO:iMPACT - A CFI file is not detected. To ensure correct and safe   configuration,
    Please make sure a CFI file is present in the same directory as the PROM   file,
    or, regenerate the PROM file with the latest software.
// *** BATCH CMD : setMode -bs
// *** BATCH CMD : setMode -ss
// *** BATCH CMD : setMode -sm
// *** BATCH CMD : setMode -hw140
// *** BATCH CMD : setMode -spi
// *** BATCH CMD : setMode -acecf
// *** BATCH CMD : setMode -acempm
// *** BATCH CMD : setMode -pff
// *** BATCH CMD : setMode -bs
// *** BATCH CMD : saveProjectFile -file"/home/grizzly/pano_boot/xilinx/auto_project.ipf"
INFO:iMPACT - Current time: 9/5/20 3:14 PM
// *** BATCH CMD : Program -p 1 -dataWidth 1 -spionly -e -v 
Maximum TCK operating frequency for this device chain: 10000000.
Validating chain...
Boundary-scan chain validated successfully.
'1': SPI access core not detected. SPI access core will be downloaded to thedevice to enable operations.
INFO:iMPACT - Downloading core file   /opt/Xilinx/14.7/ISE_DS/ISE/spartan3e/data/xc3s1600e_spi.cor.
'1': Downloading core...
PROGRESS_START - Starting Operation.
 LCK_cycle = NoWait.
LCK cycle: NoWait
done.
INFO:iMPACT:2219 - Status register values:
INFO:iMPACT - 0011 0111 1001 1000 0000 0000 0000 0000 
INFO:iMPACT:2492 - '1': Completed downloading core to device.
'1': IDCODE is '202014' (in hex).
'1': ID Check failed.
INFO:iMPACT:2488 - The operation did not complete successfully.
INFO:iMPACT - SPI Device not found.
INFO:iMPACT:2488 - The operation did not complete successfully.
'1': Programming device...
 LCK_cycle = NoWait.
LCK cycle: NoWait
done.
INFO:iMPACT:2219 - Status register values:
INFO:iMPACT - 0011 0111 1001 1000 0000 0000 0000 0000 
INFO:iMPACT:579 - '1': Completed downloading bit file to device.
INFO:iMPACT - '1': Programming not completed successfully.
PROGRESS_END - End Operation.
Elapsed time =      5 sec.
INFO:iMPACT - Current time: 9/5/20 3:14 PM
// *** BATCH CMD : Erase -p 1 -spionly 
Maximum TCK operating frequency for this device chain: 10000000.
Validating chain...
Boundary-scan chain validated successfully.
'1': SPI access core not detected. SPI access core will be downloaded to thedevice to enable operations.
INFO:iMPACT - Downloading core file   /opt/Xilinx/14.7/ISE_DS/ISE/spartan3e/data/xc3s1600e_spi.cor.
'1': Downloading core...
PROGRESS_START - Starting Operation.
 LCK_cycle = NoWait.
LCK cycle: NoWait
done.
INFO:iMPACT:2219 - Status register values:
INFO:iMPACT - 0011 0111 1001 1000 0000 0000 0000 0000 
INFO:iMPACT:2492 - '1': Completed downloading core to device.
'1': IDCODE is '202014' (in hex).
'1': ID Check failed.
INFO:iMPACT:2488 - The operation did not complete successfully.
INFO:iMPACT - SPI Device not found.
INFO:iMPACT:2488 - The operation did not complete successfully.
PROGRESS_END - End Operation.
Elapsed time =      2 sec.
INFO:iMPACT - Current time: 9/5/20 3:14 PM
// *** BATCH CMD : BlankCheck -p 1 -spionly 
Maximum TCK operating frequency for this device chain: 10000000.
Validating chain...
Boundary-scan chain validated successfully.
'1': IDCODE is '202014' (in hex).
'1': ID Check failed.
INFO:iMPACT:2488 - The operation did not complete successfully.
INFO:iMPACT - SPI Device not found.
INFO:iMPACT:2488 - The operation did not complete successfully.
PROGRESS_START - Starting Operation.
PROGRESS_END - End Operation.
Elapsed time =      0 sec.
INFO:iMPACT - Current time: 9/5/20 3:14 PM
// *** BATCH CMD : Erase -p 1 -spionly 
Maximum TCK operating frequency for this device chain: 10000000.
Validating chain...
Boundary-scan chain validated successfully.
'1': IDCODE is '202014' (in hex).
'1': ID Check failed.
INFO:iMPACT:2488 - The operation did not complete successfully.
INFO:iMPACT - SPI Device not found.
INFO:iMPACT:2488 - The operation did not complete successfully.
PROGRESS_START - Starting Operation.
PROGRESS_END - End Operation.
Elapsed time =      0 sec.
INFO:iMPACT - Current time: 9/5/20 3:15 PM
// *** BATCH CMD : Erase -p 1 -spionly 
Maximum TCK operating frequency for this device chain: 10000000.
Validating chain...
Boundary-scan chain validated successfully.
'1': IDCODE is '202014' (in hex).
'1': ID Check failed.
INFO:iMPACT:2488 - The operation did not complete successfully.
INFO:iMPACT - SPI Device not found.
INFO:iMPACT:2488 - The operation did not complete successfully.
PROGRESS_START - Starting Operation.
PROGRESS_END - End Operation.
Elapsed time =      0 sec.
INFO:iMPACT - Current time: 9/5/20 3:15 PM
// *** BATCH CMD : Erase -p 1 -spionly 
Maximum TCK operating frequency for this device chain: 10000000.
Validating chain...
Boundary-scan chain validated successfully.
'1': IDCODE is '202014' (in hex).
'1': ID Check failed.
INFO:iMPACT:2488 - The operation did not complete successfully.
INFO:iMPACT - SPI Device not found.
INFO:iMPACT:2488 - The operation did not complete successfully.
PROGRESS_START - Starting Operation.
PROGRESS_END - End Operation.
Elapsed time =      0 sec.
INFO:iMPACT - Current time: 9/5/20 3:15 PM
// *** BATCH CMD : Erase -p 1 -spionly 
Maximum TCK operating frequency for this device chain: 10000000.
Validating chain...
Boundary-scan chain validated successfully.
'1': SPI access core not detected. SPI access core will be downloaded to thedevice to enable operations.
INFO:iMPACT - Downloading core file   /opt/Xilinx/14.7/ISE_DS/ISE/spartan3e/data/xc3s1600e_spi.cor.
'1': Downloading core...
PROGRESS_START - Starting Operation.
 LCK_cycle = NoWait.
LCK cycle: NoWait
done.
INFO:iMPACT:2219 - Status register values:
INFO:iMPACT - 0011 0111 1001 1000 0000 0000 0000 0000 
INFO:iMPACT:2492 - '1': Completed downloading core to device.
'1': IDCODE is '202014' (in hex).
'1': ID Check failed.
INFO:iMPACT:2488 - The operation did not complete successfully.
INFO:iMPACT - SPI Device not found.
INFO:iMPACT:2488 - The operation did not complete successfully.
PROGRESS_END - End Operation.
Elapsed time =      2 sec.
INFO:iMPACT - Current time: 9/5/20 3:15 PM
// *** BATCH CMD : Program -p 1 -spionly -e 
Maximum TCK operating frequency for this device chain: 10000000.
Validating chain...
Boundary-scan chain validated successfully.
'1': IDCODE is '202014' (in hex).
'1': ID Check failed.
INFO:iMPACT:2488 - The operation did not complete successfully.
INFO:iMPACT - SPI Device not found.
INFO:iMPACT:2488 - The operation did not complete successfully.
'1': Programming device...
PROGRESS_START - Starting Operation.
 LCK_cycle = NoWait.
LCK cycle: NoWait
done.
INFO:iMPACT:2219 - Status register values:
INFO:iMPACT - 0011 0111 1001 1000 0000 0000 0000 0000 
INFO:iMPACT:579 - '1': Completed downloading bit file to device.
INFO:iMPACT - '1': Programming not completed successfully.
PROGRESS_END - End Operation.
Elapsed time =      2 sec.
INFO:iMPACT - Current time: 9/5/20 3:15 PM
// *** BATCH CMD : Erase -p 1 -spionly 
Maximum TCK operating frequency for this device chain: 10000000.
Validating chain...
Boundary-scan chain validated successfully.
'1': SPI access core not detected. SPI access core will be downloaded to thedevice to enable operations.
INFO:iMPACT - Downloading core file   /opt/Xilinx/14.7/ISE_DS/ISE/spartan3e/data/xc3s1600e_spi.cor.
'1': Downloading core...
PROGRESS_START - Starting Operation.
 LCK_cycle = NoWait.
LCK cycle: NoWait
done.
INFO:iMPACT:2219 - Status register values:
INFO:iMPACT - 0011 0111 1001 1000 0000 0000 0000 0000 
INFO:iMPACT:2492 - '1': Completed downloading core to device.
'1': IDCODE is '202014' (in hex).
'1': ID Check failed.
INFO:iMPACT:2488 - The operation did not complete successfully.
INFO:iMPACT - SPI Device not found.
INFO:iMPACT:2488 - The operation did not complete successfully.
PROGRESS_END - End Operation.
Elapsed time =      2 sec.
INFO:iMPACT - Current time: 9/5/20 3:15 PM
// *** BATCH CMD : Erase -p 1 -spionly 
Maximum TCK operating frequency for this device chain: 10000000.
Validating chain...
Boundary-scan chain validated successfully.
'1': IDCODE is '202014' (in hex).
'1': ID Check failed.
INFO:iMPACT:2488 - The operation did not complete successfully.
INFO:iMPACT - SPI Device not found.
INFO:iMPACT:2488 - The operation did not complete successfully.
PROGRESS_START - Starting Operation.
PROGRESS_END - End Operation.
Elapsed time =      0 sec.
INFO:iMPACT - Current time: 9/5/20 3:16 PM
// *** BATCH CMD : ReadIdcode -p 1 
Maximum TCK operating frequency for this device chain: 10000000.
Validating chain...
Boundary-scan chain validated successfully.
'1': IDCODE is '00100001110000111010000010010011'
'1': IDCODE is '21c3a093' (in hex).
'1': : Manufacturer's ID = Xilinx xc3s1600e, Version : 2
INFO:iMPACT - Current time: 9/5/20 3:16 PM
// *** BATCH CMD : ReadbackToFile -p 1 -file ".mcs" -spionly 
Maximum TCK operating frequency for this device chain: 10000000.
Validating chain...
Boundary-scan chain validated successfully.
'1': IDCODE is '202014' (in hex).
'1': ID Check failed.
INFO:iMPACT:2488 - The operation did not complete successfully.
INFO:iMPACT - SPI Device not found.
INFO:iMPACT:2488 - The operation did not complete successfully.
PROGRESS_START - Starting Operation.
PROGRESS_END - End Operation.
Elapsed time =      0 sec.
INFO:iMPACT - Current time: 9/5/20 3:16 PM
// *** BATCH CMD : Checksum -p 1 -spionly 
Maximum TCK operating frequency for this device chain: 10000000.
Validating chain...
Boundary-scan chain validated successfully.
'1': IDCODE is '202014' (in hex).
'1': ID Check failed.
INFO:iMPACT:2488 - The operation did not complete successfully.
INFO:iMPACT - SPI Device not found.
INFO:iMPACT:2488 - The operation did not complete successfully.
PROGRESS_START - Starting Operation.
PROGRESS_END - End Operation.
Elapsed time =      0 sec.
INFO:iMPACT - File /home/grizzly/pano_boot/fw/firmware/firmware.cfi does not   exist.
Selected part: M25P80
// *** BATCH CMD : attachflash -position 1 -spi "M25P80"
Unprotect sectors: FALSE
// *** BATCH CMD : assignfiletoattachedflash -position 1 -file"/home/grizzly/pano_boot/fw/firmware/firmware.mcs"
INFO:iMPACT - A CFI file is not detected. To ensure correct and safe   configuration,
    Please make sure a CFI file is present in the same directory as the PROM   file,
    or, regenerate the PROM file with the latest software.
INFO:iMPACT - Current time: 9/5/20 3:16 PM
// *** BATCH CMD : Erase -p 1 -spionly 
Maximum TCK operating frequency for this device chain: 10000000.
Validating chain...
Boundary-scan chain validated successfully.
'1': IDCODE is '13' (in hex).
'1': ID Check passed.
'1': IDCODE is '13' (in hex).
'1': ID Check passed.
'1': IDCODE is '13' (in hex).
'1': ID Check passed.
'1': Erasing Device.
'1': Using Sector Erase.
PROGRESS_START - Starting Operation.
PROGRESS_END - End Operation.
Elapsed time =      1 sec.
INFO:iMPACT - Current time: 9/5/20 3:16 PM
// *** BATCH CMD : Program -p 1 -dataWidth 1 -spionly -e -v 
Maximum TCK operating frequency for this device chain: 10000000.
Validating chain...
Boundary-scan chain validated successfully.
'1': IDCODE is '13' (in hex).
'1': ID Check passed.
'1': IDCODE is '13' (in hex).
'1': ID Check passed.
'1': Erasing Device.
'1': Using Sector Erase.
PROGRESS_START - Starting Operation.
'1': Programming Flash.
'1': Reading device contents...
done.
'1': Verification completed.
'1':Programming in x1 mode.
'1': Programming device...
 LCK_cycle = NoWait.
LCK cycle: NoWait
done.
INFO:iMPACT:2219 - Status register values:
INFO:iMPACT - 0011 0111 1001 1000 0000 0000 0000 0000 
INFO:iMPACT:579 - '1': Completed downloading bit file to device.
INFO:iMPACT:188 - '1': Programming completed successfully.
 LCK_cycle = NoWait.
LCK cycle: NoWait
INFO:iMPACT - '1': Checking done pin....done.
'1': Programmed successfully.
PROGRESS_END - End Operation.
Elapsed time =      5 sec.
// *** BATCH CMD : setMode -bs
// *** BATCH CMD : setMode -ss
// *** BATCH CMD : setMode -sm
// *** BATCH CMD : setMode -hw140
// *** BATCH CMD : setMode -spi
// *** BATCH CMD : setMode -acecf
// *** BATCH CMD : setMode -acempm
// *** BATCH CMD : setMode -pff
// *** BATCH CMD : setMode -bs
// *** BATCH CMD : saveProjectFile -file"/home/grizzly/pano_boot/xilinx/auto_project.ipf"
INFO:iMPACT - Current time: 9/5/20 3:18 PM
// *** BATCH CMD : Erase -p 1 -spionly 
Maximum TCK operating frequency for this device chain: 10000000.
Validating chain...
Boundary-scan chain validated successfully.
'1': SPI access core not detected. SPI access core will be downloaded to thedevice to enable operations.
INFO:iMPACT - Downloading core file   /opt/Xilinx/14.7/ISE_DS/ISE/spartan3e/data/xc3s1600e_spi.cor.
'1': Downloading core...
PROGRESS_START - Starting Operation.
 LCK_cycle = NoWait.
LCK cycle: NoWait
done.
INFO:iMPACT:2219 - Status register values:
INFO:iMPACT - 0011 0111 1001 1000 0000 0000 0000 0000 
INFO:iMPACT:2492 - '1': Completed downloading core to device.
'1': IDCODE is '13' (in hex).
'1': ID Check passed.
'1': IDCODE is '13' (in hex).
'1': ID Check passed.
'1': IDCODE is '13' (in hex).
'1': ID Check passed.
'1': Erasing Device.
'1': Using Sector Erase.
PROGRESS_END - End Operation.
Elapsed time =      3 sec.
INFO:iMPACT - Current time: 9/5/20 3:18 PM
// *** BATCH CMD : Program -p 1 -spionly -e -v 
Maximum TCK operating frequency for this device chain: 10000000.
Validating chain...
Boundary-scan chain validated successfully.
'1': IDCODE is '13' (in hex).
'1': ID Check passed.
'1': IDCODE is '13' (in hex).
'1': ID Check passed.
'1': Erasing Device.
'1': Using Sector Erase.
PROGRESS_START - Starting Operation.
'1': Programming Flash.
'1': Reading device contents...
done.
'1': Verification completed.
'1':Programming in x1 mode.
'1': Programming device...
 LCK_cycle = NoWait.
LCK cycle: NoWait
done.
INFO:iMPACT:2219 - Status register values:
INFO:iMPACT - 0011 0111 1001 1000 0000 0000 0000 0000 
INFO:iMPACT:579 - '1': Completed downloading bit file to device.
INFO:iMPACT:188 - '1': Programming completed successfully.
 LCK_cycle = NoWait.
LCK cycle: NoWait
INFO:iMPACT - '1': Checking done pin....done.
'1': Programmed successfully.
PROGRESS_END - End Operation.
Elapsed time =      5 sec.
INFO:iMPACT - File /home/grizzly/pano_boot/fw/firmware/firmware.cfi does not   exist.
Selected part: M25P80
// *** BATCH CMD : attachflash -position 1 -spi "M25P80"
Unprotect sectors: FALSE
// *** BATCH CMD : assignfiletoattachedflash -position 1 -file"/home/grizzly/pano_boot/fw/firmware/firmware.mcs"
INFO:iMPACT - A CFI file is not detected. To ensure correct and safe   configuration,
    Please make sure a CFI file is present in the same directory as the PROM   file,
    or, regenerate the PROM file with the latest software.
// *** BATCH CMD : setMode -bs
// *** BATCH CMD : setMode -ss
// *** BATCH CMD : setMode -sm
// *** BATCH CMD : setMode -hw140
// *** BATCH CMD : setMode -spi
// *** BATCH CMD : setMode -acecf
// *** BATCH CMD : setMode -acempm
// *** BATCH CMD : setMode -pff
// *** BATCH CMD : setMode -bs
// *** BATCH CMD : saveProjectFile -file"/home/grizzly/pano_boot/xilinx/auto_project.ipf"
Backup of auto project '/home/grizzly/pano_boot/xilinx//auto_project_1.ipf'created.
Project: '/home/grizzly/pano_boot/xilinx//auto_project.ipf' created.
// *** BATCH CMD : setMode -bs
// *** BATCH CMD : setMode -ss
// *** BATCH CMD : setMode -sm
// *** BATCH CMD : setMode -hw140
// *** BATCH CMD : setMode -spi
// *** BATCH CMD : setMode -acecf
// *** BATCH CMD : setMode -acempm
// *** BATCH CMD : setMode -pff
// *** BATCH CMD : setMode -bs
// *** BATCH CMD : saveProjectFile -file"/home/grizzly/pano_boot/xilinx//auto_project.ipf"
INFO:iMPACT - User_EnvOsname: 'Debian'
INFO:iMPACT - User_EnvOsrelease: 'Debian GNU/Linux 10 (buster)'
// *** BATCH CMD : setMode -bs
INFO:iMPACT - Launching WebTalk, please refer to the webtalk log at   /home/grizzly/pano_boot/xilinx/webtalk.log for details.
INFO:iMPACT - Running wbtc successfully.
// *** BATCH CMD : setMode -bs
// *** BATCH CMD : deleteDevice -position 1
// *** BATCH CMD : setMode -bs
// *** BATCH CMD : setMode -ss
// *** BATCH CMD : setMode -sm
// *** BATCH CMD : setMode -hw140
// *** BATCH CMD : setMode -spi
// *** BATCH CMD : setMode -acecf
// *** BATCH CMD : setMode -acempm
// *** BATCH CMD : setMode -pff
